[    0.000000] Initializing cgroup subsys cpuset
[    0.000000] Initializing cgroup subsys cpu
[    0.000000] Initializing cgroup subsys cpuacct
[    0.000000] Linux version 4.4.0-170-generic (buildd@lcy01-amd64-019) (gcc version 5.4.0 20160609 (Ubuntu 5.4.0-6ubuntu1~16.04.12) ) #199-Ubuntu SMP Thu Nov 14 01:45:04 UTC 2019 (Ubuntu4.4.0-170.199-generic 4.4.200)
[    0.000000] Command line: BOOT_IMAGE=/boot/vmlinuz-4.4.0-17-generic root=LABEL=cloudimg-rootfs ro console=tty1 console=ttyS0
[    0.000000] KERNEL supported cpus:
[    0.000000]   Itel GenuineIntel
[    0.000000]   AMD AuthenticAMD
[    0.000000]   Centaur CentaurHauls
[    0.000000] x86/fpu: xstate_offset[2]:  576, xstate_sizes[2]:  256
[    0.000000] x86/fpu: Supporting XSAVE feature 0x01: 'x87 floating point registers'
[    0.000000] x86/fpu: Supporting XSAVE feature 0x02: 'SSE registers'
[    0.000000] x86/fpu: Supporting XSAVE feature 0x04: 'AVX registers'
[    0.000000] x86/fpu: Enabled xstate features 0x7, context size is 832 bytes, using 'standard' format.
[    0.000000] e820: BIOS-provided physical RAM map:
[    0.000000] BIOS-e820: [mem 0x0000000000000000-0x000000000009fbff] usable
[    0.000000] BIOS-e820: [mem 0x000000000009fc00-0x000000000009ffff] reserved
[    0.000000] BIOS-e820: [mem 0x00000000000f0000-0x00000000000fffff] reserved
[    0.000000] BIOS-e820: [mem 0x0000000000100000-0x000000003ffeffff] usable
[    0.000000] BIOS-e820: [mem 0x000000003fff0000-0x000000003fffffff] ACPI data
[    0.000000] BIOS-e820: [mem 0x00000000fec00000-0x00000000fec00fff] reserved
[    0.000000] BIOS-e820: [mem 0x00000000fee00000-0x00000000fee00fff] reserved
[    0.000000] BIOS-e820: [mem 0x00000000fffc0000-0x00000000ffffffff] reserved
[    0.000000] NX (Execute Disable) protection: active
[    0.000000] SMBIOS 2.5 present.
[    0.000000] Hypervisor detected: KVM
[    0.000000] e820: last_pfn = 0x3fff0 max_arch_pfn = 0x400000000
[    0.000000] MTRR: Disabled
[    0.000000] x86/PAT: MTRRs disabled, skipping PAT initialization too.
[    0.000000] CPU MTRRs all blank - virtualized system.
[    0.000000] x86/PAT: Configuration [0-7]: WB  WT  UC- UC  WB  WT  UC- UC  
[    0.000000] found SMP MP-tale at [mem 0x0009fff0-0x0009ffff] mapped at [ffff88000009fff0]
[    0.000000] Scanning 1 areas for low memory corruption
[    0.000000] RAMDISK: [mem 0x362fa000-0x37174fff]
[    0.000000] ACPI: Early table checksum verification disabled
[    0.000000] ACPI: RSDP 0x00000000000E0000 000024 (v02 VBOX  )
[    0.000000] ACPI: XSDT 0x000000003FFF0030 00003C (v01 VBOX   VBOXXSDT 00000001 ASL  00000061)
[    0.000000] ACPI: FACP 0x000000003FFF00F0 0000F4 (v04 VBOX   VBOXFACP 00000001 ASL  00000061)
[    0.000000] ACPI: DSDT 0x000000003FFF0470 0021FF (v02 VBOX   VBOXBIOS 00000002 INTL 20100528)
[    0.000000] ACPI: FACS 0x000000003FFF0200 000040
[    0.000000] ACPI: FACS 0x000000003FFF0200 000040
[    0.000000] ACPI: APIC 0x000000003FFF0240 00005C (v02 VBOX   VBOXAPIC 00000001 ASL  00000061)
[    0.000000] ACPI: SSDT 0x000000003FFF02A0 0001CC (v01 VBOX   VBOXCPUT 00000002 INTL 20100528)
[    0.000000] No NUMA configuration found
[    0.000000] Faking a node at [mem 0x0000000000000000-0x000000003ffeffff]
[    0.000000] NODE_DATA(0) allocated [mem 0x3ffeb000-0x3ffeffff]
[    0.000000] kvm-clock: Using msrs 4b564d01 and 4b564d00
[    0.000000] kvm-clock: cpu 0, msr 0:3ffe3001, primary cpu clock
[    0.000000] kvm-clock: using sched offset of 3680962105 cycles
[   0.000000] clocksource: kvm-clock: mask: 0xffffffffffffffff max_cycles: 0x1cd42e4dffb, max_idle_ns: 881590591483 ns
[  0.0000] Ze rans:
[    0.000000]   DMA      [mem 0x0000000000001000-0x0000000fffff][    0.000000]   A32   mem 0000000001000000-0x0000003ffeffff]
[    0.000000]   ormal   empty
[    0.000000]   Device   empty
[    0.000000] Movable zone start for each node
[    0.000000] Earlyemory node ranges
[    0.000000]   node   0: [mem 0000000001000x000000009eff]
[   .000000]   node   0: [mem 0x0000000000100000-0x000000003ffeffff]
[    0.000000] Initmem setup node 0 [mem 0x0000000000001000-0x000000003ffeffff]
[    0.000000] ACPI: PM-Timer IO Port: 0x4008
[    0.000000] IOAPIC[0]: apic_id 2, version 32, address 0xfec00000, GSI 0-23
[    0.000000] ACPI: INT_SRC_OVR (bus 0 bus_iq 0 global_irq 2 dfl dfl)
[    0.000000] ACPI: INT_SRC_OVR (bus 0 bus_irq 9 global_irq 9 low level)
[    0.000000] Using ACPI (MADT) for SMP configuration information
[    0.000000] smpboot: Allowing 2 CPUs, 0 hotplug CPUs
[    0.000000] PM: Registered nosave memory: [mem 0x00000000-0x00000fff]
[    0.000000] PM: Registered nosave memory: [mem 0x0009f000-0x0009ffff]
[    0.000000] PM: Registered nosave memory: [mem 0x000a0000-0x000effff]
[    0.000000] PM: Registered nosave memory: [mem 0x000f0000-0x000fffff]
[    0.000000] e820: [mem 0x40000000-0xfebfffff] available for PCI devices
[    0.000000] Booting paravirtualized kernel on KVM
[    0.000000] clocksource: refined-jiffies: mask: 0xffffffff max_cycles: 0xffffffff, max_idle_ns: 7645519600211568 ns
[    0.000000] setup_percpu: NR_CPUS:512 nr_cpumask_bits:512 nr_cpu_ids:2 nr_node_ids:1
[    0.000000] PERCPU: Embedded 33 pages/cpu @ffff88003fc00000 s95448 r8192 d31528 u1048576
[    0.000000] Built 1 zonelists in Node order, mobility grouping on.  Total pages: 257912
[    0.000000] Policy zone: DMA32
[    0.000000] Kernel command line: BOOT_IMAGE=/boot/vmlinuz-4.4.0-170-generic root=LABEL=cloudimg-rootfs ro console=tty1 console=ttyS0
[    0.000000] PID hash table entries: 4096 (order: 3, 32768 bytes)
[    0.000000] Memory: 997728K/1048120K available (8626K kernel code, 1336K rwdata, 4036K rodata, 1488K init, 1288K bss, 50392K reserved, 0K cma-reserved)
[    0.000000] SLUB: HWalign=64, Order=0-3, MinObjects=0, CPUs=2, Nodes=1
[    0.000000] Kernel/User page tables isolation: enabled
[    0.000000] Hierarchical RCU implementation.
[    0.00000] 	Build-time adjustment of leaf fanout to 64.
[    0.000000] 	RCU restricting CPUs from NR_CPUS=512 to _cpu_ids=2.
[    0.000000] RCU: Adjusting geometry for rcu__fanout_leaf=64, nr_cpu_ids=2
[    0.000000] NR_IRQS:33024 nr_irqs:440 16
[    0.000000] Console: colour VGA+ 80x25
[    0.000000] console [tty1] enabled
[  0.0000]onsol[tyS0]nabbled
[    0.000000] tsc: Detected 2712.000 MHz pocessor
[    1.858884] Calibrating delay loop (skipped) preset value.. 5424.00 BogoMIPS (lpj=10848000)
[    1.877619] pid_max: default: 32768 minimum: 301
[    1.890280] ACPI: Core revision 20150930
[    1.965138] ACPI: 2 ACPI AML tables successfully acquired and loaded
[    2.036771] Security Framework initialized
[    2.037802] Yama: becoming mindful.
[    2.038724] AppArmor: AppArmor initialized
[    2.039842] Dentry cache hash table entries: 131072 (order: 8, 1048576 bytes)
[    2.050811] Inode-cache hash table entries: 65536 (order: 7, 524288 bytes)
[    2.053686] Mount-cache hash table entries: 2048 (order: 2, 16384 bytes)
[    2.055118] Mountpoint-cache hash table entries: 2048 (order: 2, 16384 bytes)
[    2.056894] Initializing cgroup subsys io
[    2.064370] Initializing cgroup subsys memory
[    2.065429] Initializing cgroup subsys devices
[    2.066446] Initializing cgroup subsys freezer
[    2.087581] Initializing cgroup subsys net_cls
[    2.088712] Initializing cgroup subsys perf_event
[    2.092840] Initializing cgroup subsys net_prio
[    2.139552] Initializing cgroup subsys hugetlb
[    2.184038] Initializing cgroup subsys pids
[    2.230011] mce: CPU supports 0 MCE banks
[    2.244559] Last level iTLB entries: 4KB 64, 2MB 8, 4MB 8
[    2.318796] Last level dTLB entries: 4KB 64, 2MB 0, 4MB 0, 1GB 4
[    2.351832] Spectre V1 : Mitigation: usercopy/swapgs barriers and __user pointer sanitization
[    2.370611] Spectre V2 : Mitigation: Full generic retpoline
[    2.489940] Spectre V2 : Spectre v2 / SpectreRSB mitigation: Filling RSB on context switch
[    2.548624] Speculative Store Bypass: Vulnerable
[    2.556780] MDS: Vulnerable: Clear CPU buffers attempted, no microcode
[    2.574693] Freeing SMP alternatives memory: 36K
[    2.583991] ftrace: allocating 32302 entries in 127 pages
[    2.688326] smpboot: APIC(0) Converting physical 0 to logical package 0
[    2.691070] smpboot: Max logical packages: 1
[    2.692753] x2apic enabled
[    2.694111] Switched APIC routing to physical x2apic.
[    2.704690] ..TIMER: vector=0x30 apic1=0 pin1=2 apic2=-1 pin2=-1
[    2.814766] smpboot: CPU0: Intel(R) Core(TM) i5-7200U CPU @ 2.50GHz (family: 0x6, model: 0x8e, stepping: 0x9)
[    2.926930] Performance Events: unsupported p6 CPU model 142 no PMU driver, software events only.
[    2.976129] KVM setup paravirtual spinlock
[    2.985186] x86: Booting SMP configuration:
[    2.986315] .... node  #0, CPUs:      #1
[    2.987393] kvm-clock: cpu 1, msr 0:3ffe3041, secondary cpu clock
[    2.990781] mce: CPU supports 0 MCE banks
[    2.993554] x86: Booted up 1 node, 2 CPUs
[    2.994890] smpboot: Total of 2 processors activated (10848.00 BogoMIPS)
[    2.996665] devtmpfs: initialized
[    2.999797] evm: security.selinux
[    3.000718] evm: security.SMACK64
[    3.001458] evm: security.SMACK64EXEC
[    3.002263] evm: security.SMACK64TRANSMUTE
[    3.003097] evm: security.SMACK64MMAP
[    3.003988] evm: security.ima
[    3.004656] evm: security.capability
[    3.005715] clocksource: jiffies: mask: 0xffffffff max_cycles: 0xffffffff, max_idle_ns: 7645041785100000 ns
[    3.007529] futex hash table entries: 512 (order: 3, 32768 bytes)
[    3.008806] pinctrl core: initialized pinctrl subsystem
[    3.009862] RTC time: 16:29:15, date: 12/18/19
[    3.010921] NET: Registered protocol family 16
[    3.023558] cpuidle: using governor ladder
[    3.067852] cpuidle: using governor menu
[    3.068955] PCCT header not found.
[    3.070005] ACPI: bus type PCI registered
[    3.071069] acpiphp: ACPI Hot Plug PCI Controller Driver version: 0.5
[    3.072706] PCI: Using configuration type 1 for base access
[    3.088149] ACPI: Added _OSI(Module Device)
[    3.098600] ACPI: Added _OSI(Processor Device)
[    3.101519] ACPI: Added _OSI(3.0 _SCP Extensions)
[    3.104641] ACPI: Added _OSI(Processor Aggregator Device)
[    3.115121] ACPI: Executed 1 blocks of module-level executable AML code
[    3.126232] ACPI: Interpreter enabled
[    3.129037] ACPI: (supports S0 S5)
[    3.131763] ACPI: Using IOAPIC for interrupt routing
[    3.135734] PCI: Using host bridge windows from ACPI; if necessary, use "pci=nocrs" and report a bug
[    3.169475] ACPI: PCI Root Bridge [PCI0] (domain 0000 [bus 00-ff])
[    3.176331] acpi PNP0A03:00: _OSC: OS supports [ASPM ClockPM Segments MSI]
[    3.181518] acpi PNP0A03:00: _OSC: not requesting OS control; OS requires [ExtendedConfig ASPM ClockPM MSI]
[    3.195031] acpi PNP0A03:00: fail to add MMCONFIG information, can't access extended PCI configuration space under this bridge.
[    3.205240] PCI host bridge to bus 0000:00
[    3.208493] pci_bus 0000:00: root bus resource [io  0x0000-0x0cf7 window]
[    3.218296] pci_bus 0000:00: root bus resource [io  0x0d00-0xffff window]
[    3.233649] pci_bus 0000:00: root bus resource [mem 0x000a0000-0x000bffff window]
[    3.237372] pci_bus 0000:00: root bus resource [mem 0x40000000-0xfdffffff window]
[    3.266230] pci_bus 0000:00: root bus resource [bus 00-ff]
[    3.301417] pci 0000:00:01.1: legacy IDE quirk: reg 0x10: [io  0x01f0-0x01f7]
[    3.398917] pci 0000:00:01.1: legacy IDE quirk: reg 0x14: [io  0x03f6]
[    3.448618] pci 0000:00:01.1: legacy IDE quirk: reg 0x18: [io  0x0170-0x0177]
[    3.516765] pci 0000:00:01.1: legacy IDE quirk: reg 0x1c: [io  0x0376]
[    3.611831] pci 0000:00:07.0: quirk: [io  0x4000-0x403f] claimed by PIIX4 ACPI
[    3.614060] pci 0000:00:07.0: quirk: [io  0x4100-0x410f] claimed by PIIX4 SMB
[    3.653754] ACPI: PCI Interrupt Link [LNKA] (IRQs 5 9 10 *11)
[    3.655873] ACPI: PCI Interrupt Link [LNKB] (IRQs 5 9 *10 11)
[    3.657882] ACPI: PCI Interrupt Link [LNKC] (IRQs 5 *9 10 11)
[    3.659701] ACPI: PCI Interrupt Link [LNKD] (IRQs 5 9 10 *11)
[    3.661784] ACPI: Enabled 2 GPEs in block 00 to 07
[    3.670448] vgaarb: setting as boot device: PCI:0000:00:02.0
[    3.672166] vgaarb: device added: PCI:0000:00:02.0,decodes=io+mem,owns=io+mem,locks=none
[    3.733988] vgaarb: loaded
[    3.741734] vgaarb: bridge control possible 0000:00:02.0
[    3.777489] SCSI subsystem initialized
[    3.778622] ACPI: bus type USB registered
[    3.779779] usbcore: registered new interface driver usbfs
[    3.783679] usbcore: registered new interface driver hub
[    3.788387] usbcore: registered new device driver usb
[    3.793212] PCI: Using ACPI for IRQ routing
[    3.794790] NetLabel: Initializing
[    3.795830] NetLabel:  domain hash size = 128
[    3.797561] NetLabel:  protocols = UNLABELED CIPSOv4
[    3.810205] NetLabel:  unlabeled traffic allowed by default
[    3.812635] amd_nb: Cannot enumerate AMD northbridges
[    3.817157] clocksource: Switched to clocksource kvm-clock
[    3.834936] AppArmor: AppArmor Filesystem Enabled
[    3.836716] pnp: PnP ACPI init
[    3.83923] pnp: PnP ACPI: found 3 devices

[    3.885343] clocksource: acpi_pm: mask: 0xffffff max_cycles: 0xffffff, max_idle_ns: 2085701024 ns
[    3.887924] NET: Registered protocol family 2
[    3.889597] TCP established hash table entries: 8192 (order: 4, 65536 bytes)
[    3.892006] TCP bind hash table entries: 8192 (order: 5, 131072 bytes)
[    3.894106] TCP: Hash tables configured (established 8192 bind 8192)
[    3.895643] UDP hash table entries: 512 (order: 2, 16384 bytes)
[    3.897028] UDP-Lite hash table entries: 512 (order: 2, 16384 bytes)
[    3.898508] NET: Registered protocol family 1
[    3.900046] pci 0000:00:00.0: Limiting direct PCI/PCI transfers
[    3.901728] pci 0000:00:01.0: Activating ISA DMA hang workarounds
[    3.903189] Unpacking initramfs...
[    4.362531] Freeing initrd memory: 14828K
[    4.378650] clocksource: tsc: mask: 0xffffffffffffffff max_cycles: 0x2717868ea45, max_idle_ns: 440795316085 ns
[    4.406295] platform rtc_cmos: registered platform RTC device (no PNP device found)
[    4.507292] Scanning for low memory corruption every 60 seconds
[    4.509069] audit: initializing netlink subsys (disabled)
[    4.510699] audit: type=2000 audit(1576686559.728:1): initialized
[    4.532491] Initialise system trusted keyring
[    4.553468] HugeTLB registered 2 MB page size, pre-allocated 0 pages
[    4.557292] zbud: loaded
[    4.560234] VFS: Disk quotas dquot_6.6.0
[    4.567718] VFS: Dquot-cache hash table entries: 512 (order 0, 4096 bytes)
[    4.569505] squashfs: version 4.0 (2009/01/31) Phillip Lougher
[    4.571676] fuse init (API version 7.23)
[    4.573039] Key type big_key registered
[    4.586560] Allocating IMA MOK and blacklist keyrings.
[    4.605721] Key type asymmetric registered
[    4.622292] Asymmetric key parser 'x509' registered
[    4.643103] Block layer SCSI generic (bsg) driver version 0.4 loaded (major 249)
[    4.645778] io scheduler noop registered
[    4.655399] io scheduler deadline registered (default)
[    4.670368] io scheduler cfq registered
[    4.671722] pci_hotplug: PCI Hot Plug PCI Core version: 0.5
[    4.689577] pciehp: PCI Express Hot Plug Controller Driver version: 0.4
[    4.691099] ACPI: AC Adapter [AC] (off-line)
[    4.692064] input: Power Button as /devices/LNXSYSTM:00/LNXPWRBN:00/input/input0
[    4.694046] ACPI: Power Button [PWRF]
[    4.695672] input: Sleep Button as /devices/LNXSYSTM:00/LNXSLPBN:00/input/input1
[    4.735627] ACPI: Sleep Button [SLPF]
[    4.738024] ACPI: Battery Slot [BAT0] (battery present)
[    4.739232] GHES: HEST is not enabled!
[    4.740183] Serial: 8250/16550 driver, 32 ports, IRQ sharing enabled
[    4.765104] 00:02: ttyS0 at I/O 0x3f8 (irq = 4, base_baud = 115200) is a 16550A
[    4.771060] Linux agpgart interface v0.103
[    4.864257] loop: module loaded
[    4.929266] scsi host0: ata_piix
[    4.943829] scsi host1: ata_piix
[    4.970367] ata1: PATA max UDMA/33 cmd 0x1f0 ctl 0x3f6 bmdma 0xd000 irq 14
[    4.971776] ata2: PATA max UDMA/33 cmd 0x170 ctl 0x376 bmdma 0xd008 irq 15
[    4.974161] libphy: Fixed MDIO Bus: probed
[    4.983752] tun: Universal TUN/TAP device driver, 1.6
[    4.985526] tun: (C) 1999-2004 Max Krasnyansky <maxk@qualcomm.com>
[    4.987637] PPP generic driver version 2.4.2
[    4.989185] ehci_hcd: USB 2.0 'Enhanced' Host Controller (EHCI) Driver
[    4.990856] ehci-pci: EHCI PCI platform driver
[    4.992730] ehci-platform: EHCI generic platform driver
[    4.994075] ohci_hcd: USB 1.1 'Open' Host Controller (OHCI) Driver
[    4.995369] ohci-pci: OHCI PCI platform driver
[    4.996401] ohci-platform: OHCI generic platform driver
[    5.012302] uhci_hcd: USB Universal Host Controller Interface driver
[    5.014679] i8042: PNP: PS/2 Controller [PNP0303:PS2K,PNP0f03:PS2M] at 0x60,0x64 irq 1,12
[    5.017737] serio: i8042 KBD port at 0x60,0x64 irq 1
[    5.030093] serio: i8042 AUX port at 0x60,0x64 irq 12
[    5.033654] mousedev: PS/2 mouse device common for all mice
[    5.036783] rtc_cmos rtc_cmos: rtc core: registered rtc_cmos as rtc0
[    5.045868] input: AT Translated Set 2 keyboard as /devices/platform/i8042/serio0/input/input2
[    5.059321] rtc_cmos rtc_cmos: alarms up to one day, 114 bytes nvram
[    5.061212] i2c /dev entries driver
[    5.062682] device-mapper: uevent: version 1.0.3
[    5.073586] device-mapper: ioctl: 4.34.0-ioctl (2015-10-28) initialised: dm-devel@redhat.com
[    5.076969] ledtrig-cpu: registered to indicate activity on CPUs
[    5.079152] NET: Registered protocol family 10
[    5.086636] NET: Registered protocol family 17
[    5.087772] Key type dns_resolver registered
[    5.095544] registered taskstats version 1
[    5.096876] Loading compiled-in X.509 certificates
[    5.099080] Loaded X.509 cert 'Build time autogenerated kernel key: f0e56e97f406068ace47a9bf54316e9855aaaa43'
[    5.102134] zswap: loaded using pool lzo/zbud
[    5.107224] Key type trusted registered
[    5.115283] Key type encrypted registered
[    5.116566] AppArmor: AppArmor sha1 policy hashing enabled
[    5.118639] ima: No TPM chip found, activating TPM-bypass!
[    5.120103] ima: Allocated hash algorithm: sha1
[    5.122402] evm: HMAC attrs: 0x1
[    5.123944]   Magic number: 15:14:490
[    5.125135] rtc_cmos rtc_cmos: setting system clock to 2019-12-18 16:29:17 UTC (1576686557)
[    5.127635] BIOS EDD facility v0.16 2004-Jun-25, 0 devices found
[    5.129839] EDD information not available.
[    5.132675] Freeing unused kernel memory: 1488K
[    5.177601] Write protecting the kernel read-only data: 14336k
[    5.186598] Freeing unused kernel memory: 1604K
[    5.188138] Freeing unused kernel memory: 60K
Loading, please wait...
starting version 229
[    5.212300] random: systemd-udevd: uninitialized urandom read (16 bytes read, 5 bits of entropy available)
[    5.213028] random: udevadm: uninitialized urandom read (16 bytes read, 5 bits of entropy available)
[    5.213051] random: udevadm: uninitialized urandom read (16 bytes read, 5 bits of entropy available)
[    5.225325] random: udevadm: uninitialized urandom read (16 bytes read, 5 bits of entropy available)
[    5.225482] random: udevadm: uninitialized urandom read (16 bytes read, 5 bits of entropy available)
[    5.225657] random: udevadm: uninitialized urandom read (16 bytes read, 5 bits of entropy available)
[    5.225713] random: udevadm: uninitialized urandom read (16 bytes read, 5 bits of entropy available)
[    5.225767] random: udevadm: uninitialized urandom read (16 bytes read, 5 bits of entropy available)
[    5.225865] random: udevadm: uninitialized urandom read (16 bytes read, 5 bits of entropy available)
[    5.225924] random: udevadm: uninitialized urandom read (16 bytes read, 5 bits of entropy available)
[    5.443441] Fusion MPT base driver 3.04.20
[    5.444665] Copyright (c) 1999-2008 LSI Corporation
[    5.447728] e1000: Intel(R) PRO/1000 Network Driver - version 7.3.21-k8-NAPI
[    5.463225] e1000: Copyright (c) 1999-2006 Intel Corporation.
[    5.487975] Fusion MPT SPI Host driver 3.04.20
[    5.565853] AVX2 version of gcm_enc/dec engaged.
[    5.617203] AES CTR mode by8 optimization enabled
[    5.692003] input: ImExPS/2 Generic Explorer Mouse as /devices/platform/i8042/serio1/input/input4
[    5.956826] e1000 0000:00:03.0 eth0: (PCI:33MHz:32-bit) 02:dd:45:a7:5d:a0
[    6.036247] e1000 0000:00:03.0 eth0: Intel(R) PRO/1000 Network Connection
[    6.071221] mptbase: ioc0: Initiating bringup
[    6.161853] ioc0: LSI53C1030 A0: Capabilities={Initiator}
[    6.327976] scsi host2: ioc0: LSI53C1030 A0, FwRev=00000000h, Ports=1, MaxQ=256, IRQ=20
[    6.441900] scsi 2:0:0:0: Direct-Access     VBOX     HARDDISK         1.0  PQ: 0 ANSI: 5
[    6.444820] scsi target2:0:0: Beginning Domain Validation
[    6.453464] scsi target2:0:0: Domain Validation skipping write tests
[    6.454967] scsi target2:0:0: Ending Domain Validation
[    6.456263] scsi target2:0:0: asynchronous
[    6.458193] scsi 2:0:1:0: Direct-Access     VBOX     HARDDISK         1.0  PQ: 0 ANSI: 5
[    6.466901] scsi target2:0:1: Beginning Domain Validation
[    6.469244] scsi target2:0:1: Domain Validation skipping write tests
[    6.470861] scsi target2:0:1: Ending Domain Validation
[    6.472262] scsi target2:0:1: asynchronous
[    6.490455] sd 2:0:0:0: Attached scsi generic sg0 type 0
[    6.506868] sd 2:0:1:0: [sdb] 20480 512-byte logical blocks: (10.5 MB/10.0 MiB)
[    6.520184] sd 2:0:1:0: Attached scsi generic sg1 type 0
[    6.522329] sd 2:0:0:0: [sda] 20971520 512-byte logical blocks: (10.7 GB/10.0 GiB)
[    6.534671] sd 2:0:1:0: [sdb] Write Protect is off
[    6.536100] sd 2:0:1:0: [sdb] Incomplete mode parameter data
[    6.537454] sd 2:0:1:0: [sdb] Assuming drive cache: write through
[    6.539284] sd 2:0:0:0: [sda] Write Protect is off
[    6.546399] sd 2:0:0:0: [sda] Incomplete mode parameter data
[    6.548034] sd 2:0:0:0: [sda] Assuming drive cache: write through
[    6.556770] sd 2:0:1:0: [sdb] Attached SCSI disk
[    6.558050]  sda: sda1
[    6.559587] sd 2:0:0:0: [sda] Attached SCSI disk
[    7.015220] e1000 0000:00:08.0 eth1: (PCI:33MHz:32-bit) 08:00:27:77:8b:c2
[    7.053266] e1000 0000:00:08.0 eth1: Intel(R) PRO/1000 Network Connection
[    7.136095] e1000 0000:00:03.0 enp0s3: renamed from eth0
[    7.154689] e1000 0000:00:08.0 enp0s8: renamed from eth1
Begin: Loading essential drivers ... [    8.797990] md: linear personality registered for level -1
[    8.803568] md: multipath personality registered for level -4
[    8.809943] md: raid0 personality registered for level 0
[    8.818466] md: raid1 personality registered for level 1
[    8.893514] raid6: sse2x1   gen()  4408 MB/s
[    8.977517] raid6: sse2x1   xor()  4432 MB/s
[    9.045250] raid6: sse2x2   gen()  6273 MB/s
[    9.173609] raid6: sse2x2   xor()  5067 MB/s
[    9.241274] raid6: sse2x4   gen()  8678 MB/s
[    9.309330] raid6: sse2x4   xor()  5688 MB/s
[    9.401234] raid6: avx2x1   gen() 11462 MB/s
[    9.477218] raid6: avx2x2   gen() 12727 MB/s
[    9.545239] raid6: avx2x4   gen() 13541 MB/s
[    9.546313] raid6: using algorithm avx2x4 gen() 13541 MB/s
[    9.547390] raid6: using avx2x2 recovery algorithm
[    9.549950] xor: automatically using best checksumming function:
[    9.589486]    avx       : 15534.000 MB/sec
[    9.593498] async_tx: api initialized (async)
[    9.619641] md: raid6 personality registered for level 6
[    9.623746] md: raid5 personality registered for level 5
[    9.628083] md: raid4 personality registered for level 4
[    9.663766] md: raid10 personality registered for level 10
done.
Begin: Running /scripts/init-premount ... done.
Begin: Mounting root file system ... Begin: Running /scripts/local-top ... done.
Begin: Running /scripts/local-premount ... [    9.726561] Btrfs loaded
Scanning for Btrfs filesystems
done.
Warning: fsck not present, so skipping root file system
[    9.796231] EXT4-fs (sda1): mounted filesystem with ordered data mode. Opts: (null)
done.
Begin: Running /scripts/local-bottom ... done.
Begin: Running /scripts/init-bottom ... done.
[    9.952404] systemd[1]: systemd 229 running in system mode. (+PAM +AUDIT +SELINUX +IMA +APPARMOR +SMACK +SYSVINIT +UTMP +LIBCRYPTSETUP +GCRYPT +GNUTLS +ACL +XZ -LZ4 +SECCOMP +BLKID +ELFUTILS +KMOD -IDN)
[    9.966669] systemd[1]: Detected virtualization oracle.
[    9.968609] systemd[1]: Detected architecture x86-64.

Welcome to [1mUbuntu 16.04.6 LTS[0m!

[    9.974388] systemd[1]: Set hostname to <ubuntu>.
[    9.978048] systemd[1]: Initializing machine ID from random generator.
[    9.986865] systemd[1]: Installed transient /etc/machine-id file.
[   10.275863] systemd[1]: Listening on Device-mapper event daemon FIFOs.
[[0;32m  OK  [0m] Listening on Device-mapper event daemon FIFOs.
[  10.346080] ste[1 Srt Tgg resolvconf update for networkd DNS.
[[0;32m  OK  [0m] Started Trigger resolvconf update for networkd DNS.
[   11.318023] systemd[1]: Listening on Sylog Sockt.
[[0;32m  OK  [0m] Listening on Syslog Socket.
[   11.528] std[: aced target Swap.

[[0;32m  OK  [0m] Reached target Swap.
[   11.978828] systemd[1]: Listening on Journal Audit Socket.
[[0;32m  OK  [0m] Listening on Journal Audit Socket.
[   11.988142] systemd[1]: Listening on Journal Socket (/dev/log).
[[0;32m  OK  [0m] Listening on Journal Socket (/dev/log).
[   11.991171] systemd[1]: Listening on LVM2 metadata daemon socket.
[[0;32m  OK  [0m] Listening on LVM2 metadata daemon socket.
[   11.994936] systemd[1]: Created slice System Slice.
[[0;32m  OK  [0m] Created slice System Slice.
[   11.997642] syemd[1]: Reached target User and Group Name Lookups.

[[0;32m  OK  [0m] Reached target User and Group Name Lookups.
[   12.058784] systemd[1]: Started Forward Password Requests to Wall Directory Watch.
[[0;32m  OK  [0m] Started Forward Password Requests to Wall Directory Watch.
[   12.064612] systemd[1]: Set up automount Arbitrary Executable File Formats File System Automount Point.
[[0;32m  OK  [0m] Set up automount Arbitrary Executab...ats File System Automount Point.
[   12.094961] systemd[1]: Listening on udev Kernel Socket.
[[0;32m  OK  [0m] Listening on udev Kernel Socket.
[  12.186535] systemd[1]: Created slice system-serial\x2dgetty.slice.
[[0;32m  OK  [0m] Created slice system-serial\x2dgetty.slice.
[   12.233373] systemd[1]: Reached target Encrypted Volumes.
[[0;32m  OK  [0m] Reached target Encrypted Volumes.
[   12.236110] systemd[1]: Listening on udev Control Socket.
[[0;32m  OK  [0m] Listening on udev Control Socket.
[   12.240446] systemd[1]: Listening on /dev/initctl Compatibility Named Pipe.
[[0;32m  OK  [0m] Listening on /dev/initctl Compatibility Named Pipe.
[   12.246132] systemd[1]: Listening on Journal Socket.
[[0;32m  OK  [0m] Listening on Journal Socket.
[   12.278278] systemd[1]: Starting Set console keymap...
         Starting Set console keymap...
[   12.305498] systemd[1]: Starting Uncomplicated firewall...
         Starting Uncomplicated firewall...
[   12.350012] systemd[1]: Starting Remount Root and Kernel File Systems...
[   12.358076] random: nonblocking pool is initialized
         Starting Remount Root and Kernel File Systems...
[   12.362616] systemd[1]: Mounting Huge Pages File System...
         Mounting Huge Pages File System...
[   12.419213] systemd[1]: Starting Create list of required static device nodes for the current kernel...
[   12.422077] EXT4-fs (sda1): re-mounted. Opts: (null)
         Starting Create list of required st... nodes for the current kernel...
[   12.438661] systemd[1]: Mounting Debug File System...
         Mounting Debug File System...
[   12.458517] systemd[1]: Starting Journal Service...
         Starting Journal Service...
[   12.505783] systemd[1]: Starting Monitoring of LVM2 mirrors, snapshots etc. using dmeventd or progress polling...
         Starting Monitoring of LVM2 mirrors... dmeventd or progress polling...
[   12.558255] systemd[1]: Reached target System Time Synchronized.
[[0;32m  OK  [0m] Reached target System Time Synchronized.
[   12.689854] systemd[1]: Mounting POSIX Message Queue File System...
         Mounting POSIX Message Queue File System...
[   12.722314] systemd[1]: Listening on LVM2 poll daemon socket.
[[0;32m  OK  [0m] Listening on LVM2 poll daemon socket.
[   12.777538] systemd[1]: Starting Nameserver information manager...
         Starting Nameserver information manager...
[   12.833686] systemd[1]: Starting Load Kernel Modules...
         Starting Load Kernel Modules...
[   12.861410] systemd[1]: Created slice User and Session Slice.
[[0;32m  OK  [0m] Created slice User and Session Slice.
[   12.894693] systemd[1]: Reached target Slices.
[   12.911636] Loading iSCSI transport class v2.0-870.
[[0;32m  OK  [0m] Reached target Slices.
[   12.947737] iscsi: registered transport (tcp)
[   12.954125] systemd[1]: Mounted POSIX Message Queue File System.
[[0;32m  OK  [0m] Mounted POSIX Message Queue File System.
[   13.002441] systemd[1]: Mounted Debug File System.
[[0;32m  OK  [0m] Mounted Debug File System.
[   13.036903] systemd[1]: Mounted Huge Pages File System.
[[0;32m  OK  [0m] Mounted Huge Pages File System.
[   13.074650] systemd[1]: Started Journal Service.
[[0;32m  OK  [0[   13.107039] iscsi: registered transport (iser)
m] Started Journal Service.
[[0;32m  OK  [0m] Started Set console keymap.
[[0;32m  OK  [0m] Started Uncomplicated firewall.
[[0;32m  OK  [0m] Started Remount Root and Kernel File Systems.
[[0;32m  OK  [0m] Started Create list of required sta...ce nodes for the current kernel.
[[0;32m  OK  [0m] Started Load Kernel Modules.
[[0;32m  OK  [0m] Started Nameserver information manager.
[[0;32m  OK  [0m] Started LVM2 metadata daemon.
         Starting Apply Kernel Variables...
         Mounting FUSE Control File System...
         Starting Create Static Device Nodes in /dev...
         Starting Load/Save Random Seed...
         Starting udev Coldplug all Devices...
         Starting Flush Journal to Persistent Storage...
[[0;32m  OK  [0m] Mounted FUSE Control File System.
[[0;32m  OK  [0m] Started Apply Kernel Variables.
[[0;32m  OK  [0m] Started Create Static Device Nodes in /dev.
[[0;32m  OK  [0m] Started Load/Save Random Seed.
         Starting udev Kernel Device Manager...
[[0;32m  OK  [0m] Started Flush Journal to Persistent Storage.
[[0;32m  OK  [0m] Started udev Coldplug all Devices.
[[0;32m  OK  [0m] Started udev Kernel Device Manager.
[[0;32m  OK  [0m] Started Dispatch Password Requests to Console Directory Watch.
[[0;32m  OK  [0m] Started Monitoring of LVM2 mirrors,...ng dmeventd or progress polling.
[[0;32m  OK  [0m] Reached target Local File Systems (Pre).
[[0;32m  OK  [0m] Reached target Local File Systems.
         Starting Tell Plymouth To Write Out Runtime Data...
         Starting Set console font and keymap...
         Starting Create Volatile Files and Directories...
         Starting Initial cloud-init job (pre-networking)...
         Starting Commit a transient machine-id on disk...
         Starting LSB: AppArmor initialization...
[[0;32m  OK  [0m] Started Tell Plymouth To Write Out Runtime Data.
[[0;32m  OK  [0m] Started Create Volatile Files and Directories.
         Starting Update UTMP about System Boot/Shutdown...
[[0;32m  OK  [0m] Started Commit a transient machine-id on disk.
[[0;32m  OK  [0m] Started Update UTMP about System Boot/Shutdown.
[[0;32m  OK  [0m] Found device /dev/ttyS0.
[[0;32m  OK  [0m] Listening on Load/Save RF Kill Switch Status /dev/rfkill Watch.
[[0;32m  OK  [0m] Started LSB: AppArmor initialization.
[   12.600208] [cloud-init[0;32m  OK  [0m[486]: ] Cloud-init v. 19.2-36-g059d049c-0ubuntu2~16.04.1 running 'init-local' at Wed, 18 Dec 2019 16:29:27 +0000. Up 11.92 seconds.Started Initial cloud-init job (pre-networking).

[[0;32m  OK  [0m] Reached target Network (Pre).
         Starting Raise network interfaces...
[[0;32m  OK  [0m] Started Set console font and keymap.
[[0;32m  OK  [0m] Created slice system-getty.slice.
[[0;32m  OK  [0m] Started Raise network interfaces.
         Starting Initial cloud-init job (metadata service crawler)...
[[0;32m  OK  [0m] Reached target Network.
[   15.177281] cloud-init[965]: Cloud-init v. 19.2-36-g059d049c-0ubuntu2~16.04.1 running 'init' at Wed, 18 Dec 2019 16:29:29 +0000. Up 13.95 seconds.
[   15.181685] cloud-init[965]: ci-info: ++++++++++++++++++++++++++++++++++++++Net device info+++++++++++++++++++++++++++++++++++++++
[   15.189140] cloud-init[965]: ci-info: +--------+-------+----------------------------+---------------+--------+-------------------+
[   15.218060] cloud-init[965]: ci-info: | Device |   Up  |          Address           |      Mask     | Scope  |     Hw-Address    |
[   15.225322] cloud-init[965]: ci-info: +--------+-------+----------------------------+---------------+--------+-------------------+
[   15.238348] cloud-init[965]: ci-info: | enp0s3 |  True |         10.0.2.15          | 255.255.255.0 | global | 02:dd:45:a7:5d:a0 |
[   15.242423] cloud-init[965]: ci-info: | enp0s3 |  True | fe80::dd:45ff:fea7:5da0/64 |       .       |  link  | 02:dd:45:a7:5d:a0 |
[   15.246049] cloud-init[965]: ci-info: | enp0s8 | False |             .              |       .       |   .    | 08:00:27:77:8b:c2 |
[   15.249298] cloud-init[965]: ci-info: |   lo   |  True |         127.0.0.1          |   255.0.0.0   |  host  |         .         |
[   15.252959] cloud-init[965]: ci-info: |   lo   |  True |          ::1/128           |       .       |  host  |         .         |
[[0;32m  OK  [0m] Started Initial cloud-init job (metadata service crawler).
[   15.274121] cloud-init[965]: ci-info: +--------+-------+----------------------------+---------------+--------+-------------------+
[   15.276320] cloud-init[965]: ci-info: +++++++++++++++++++++++++++Route IPv4 info++++++++++++++++++++++++++++
[   15.276636] cloud-init[965]: ci-info: +-------+-------------+----------+---------------+-----------+-------+
[   15.276945] cloud-init[965]: ci-info: | Route | Destination | Gateway  |    Genmask    | Interface | Flags |
[   15.277312] cloud-init[965]: ci-info: +-------+-------------+----------+---------------+-----------+-------+
[   15.277631] cloud-init[965]: ci-info: |   0   |   0.0.0.0   | 10.0.2.2 |    0.0.0.0    |   enp0s3  |   UG  |
[   15.278078] cloud-init[965]: ci-info: |   1   |   10.0.2.0  | 0.0.0.0  | 255.255.255.0 |   enp0s3  |   U   |
[   15.278519] cloud-init[965]: ci-info: +-------+-------------+----------+---------------+-----------+-------+
[   15.278800] cloud-init[965]: ci-info: +++++++++++++++++++Route IPv6 info+++++++++++++++++++
[   15.278987] cloud-init[965]: ci-info: +-------+-------------+---------+-----------+-------+
[   15.279160] cloud-init[965]: ci-info: | Route | Destination | Gateway | Interface | Flags |
[   15.279344] cloud-init[965]: ci-info: +-------+-------------+---------+-----------+-------+
[   15.279516] cloud-init[965]: ci-info: |   0   |  fe80::/64  |    ::   |   enp0s3  |   U   |
[[0;32m  OK  [0m] Reached target Network is Online.
[   15.279896] cloud-init[965]: ci-info: |   3   |   ff00::/8  |    ::   |   enp0s3  |   U   |
[   15.296430] cloud-init[965]: ci-info: +-------+-------------+---------+-----------+-------+
[   15.297876] cloud-init[965]: Generating public/private rsa key pair.
[   15.299479] cloud-init[965]: Your identification has been saved in /etc/ssh/ssh_host_rsa_key.
[   15.300980] cloud-init[965]: Your public key has been saved in /etc/ssh/ssh_host_rsa_key.pub.
[   15.302776] cloud-init[965]: The key fingerprint is:
[   15.303927] cloud-init[965]: SHA256:uAD5NbyKvbntdhqv56a2fRGYUCEFuiWQ6rjHubHOBd0 root@ubuntu-xenial
[   15.305507] cloud-init[965]: The key's randomart image is:
[   15.306587] cloud-init[965]: +---[RSA 2048]----+
[   15.307601] cloud-init[965]: |  ..  o++.       |
         Starting iSCSI initiator daemon (iscsid)...
[[0;32m  OK  [0m] Reached target System Initialization.
         Starting Socket activation for snappy daemon.
[   15.315864]          Starting LXD - unix socket.
[[0;32m  OK  [0m] Started Daily Cleanup of Temporary Directories.
[[0;32m  OK  [0m] Listening on UUID daemon activation socket.
[[0;32m  OK  [0m] Listening on D-Bus System Message Bus Socket.
[[0;32m  OK  [0m] Started Daily apt download activities.
[[0;32m  OK  [0m] Started Daily apt upgrade and clean activities.
[[0;32m  OK  [0m] Started Message of the Day.
[[0;32m  OK  [0m] Reached target Timers.
[[0;32m  OK  [0m] Listening on ACPID Listen Socket.
cloud-init[965]: |  .o o..         |
[   15.329797] cloud-init[[0;32m  OK  [0m] Started ACPI Events Check.
[[0;32m  OK  [0m] Reached target Paths.
[[0;32m  OK  [0m] Reached target Cloud-config availability.
[[0;32m  OK  [0m] Listening on Socket activation for snappy daemon.
[[0;32m  OK  [0m] Listening on LXD - unix socket.
[[0;32m  OK  [0m] Reached target Sockets.
[[0;32m  OK  [0m] Reached target Basic System.
[965]: | .o o =. o       |
[   15.346845] [[0;32m  OK  [0m] Started Regular background program processing daemon.
         Starting System Logging Service...
cloud-init[965]: |.  + * +o .      |         Starting Pollinate to seed the pseudo random number generator...
         Starting Accounts Service...
[[0;32m  OK  [0m] Started Deferred execution scheduler.
[[0;32m  OK  [0m] Started FUSE filesystem for LXC.
         Starting LSB: MD monitoring daemon...

         Starting Virtualbox guest utils...
[   15.365191] cloud-init[[0;32m  OK  [0m] Started ACPI event daemon.
[965]: |o . = E S  .     |         Starting Login Service...

[   15.387377]          Starting LSB: Record successful boot for GRUB...
cloud-init[965]: |.. + o .  .      |
         Starting LXD - container startup/shutdown...
[   15.391376]          Starting /etc/rc.local Compatibility...
[[0;32m  OK  [0m] Started D-Bus System Message Bus.
cloud-init[965]: | oo.+ o    .     |
[   15.408409] cloud-init[965]: |..++ +o++ .      |
[   15.413744] cloud-init[965]: | o=.+=BX+.       |
[   15.415773] cloud-init[965]: +----[SHA256]-----+
[   15.420450] cloud-init[965]: Generating public/private dsa key pair.
[   15.428532] cloud-init[965]: Your identification has been saved in /etc/ssh/ssh_host_dsa_key.
[   15.430510] cloud-init[965]: Your public key has been saved in /etc/ssh/ssh_host_dsa_key.pub.
[   15.433170] cloud-init[965]: The key fingerprint is:
[   15.434393] cloud-init[965]: SHA256:nYg68J5xfaBMq/w0sbna5gxMYt+vXW4AFr7wGIjk8J4 root@ubuntu-xenial
[   15.441571] cloud-init[965]: The key's randomart image is:
[   15.453972]          Starting Snappy daemon...
cloud-init[965]: +---[DSA 1024]----+
[   15.480473] [cloud-init[0;32m  OK  [0m[965]: ] |                 |Started System Logging Service.

[   15.481255] [[0;32m  OK  [0m] Started iSCSI initiator daemon (iscsid).
[[0;32m  OK  [0m] Started /etc/rc.local Compatibility.
cloud-init[965]: |..    .          |
[   15.517304] cloud-init[965]: |+o . . .         |
[[0;32m  OK  [0m] Started Login Service.
[   15.534317] cloud-init[965]: |..o o +. o .     |
[[0;32m  OK  [0m] Started Unattended Upgrades Shutdown.
         Starting Authenticate and Authorize Users to Run Privileged Tasks...
         Starting Login to default iSCSI targets...
[   15.567371] cloud-init[965]: | .+..*+oS o      |
[   15.585361] cloud-init[965]: | .EB.=oB..       |
[   15.615809] cloud-init[965]: |    O @ ..o      |
[   15.675812] cloud-init[965]: |   o @.= +.      |
[   15.676308] cloud-init[965]: |    *=B.o..      |
[   15.676374] cloud-init[965]: +----[SHA256]-----+
[   15.676424] cloud-init[965]: Generating public/private ecdsa key pair.
[   15.676474] cloud-init[965]: Your identification has been saved in /etc/ssh/ssh_host_ecdsa_key.
[   15.676526] cloud-init[965]: Your public key has been saved in /etc/ssh/ssh_host_ecdsa_key.pub.
[   15.676581] cloud-init[965]: The key fingerprint is:
[   15.676637] cloud-init[965]: SHA256:9QoPDumtLDISNPYF4JYsE+Ryxb/TfQVSgUdzhqs2VlY root@ubuntu-xenial
[   15.676689] cloud-init[965]: The key's randomart image is:
[   15.676737] cloud-init[965]: +---[ECDSA 256]---+
[   15.676787] cloud-init[965]: |oo...      +=oo  |
[   15.676837] cloud-init[965]: |+..o.     o ++E  |
[   15.676958] cloud-init[965]: |+*. ..    .o +   |
[   15.677025] cloud-init[965]: |+*   ... . .+ .  |
[   15.677074] cloud-init[965]: |o o . ooS. +..   |
[   15.677124] cloud-init[965]: |.  . .o+.+*..    |
[   15.677172] cloud-init[965]: | .    ..oooo     |
[   15.677217] cloud-init[965]: |. o .. .         |
[   15.677284] cloud-init[965]: | . o .o          |
[   15.677328] cloud-init[965]: +----[SHA256]-----+
[   15.677372] cloud-init[965]: Generating public/private ed25519 key pair.
[   15.677416] cloud-init[965]: Your identification has been saved in /etc/ssh/ssh_host_ed25519_key.
[   15.677465] cloud-init[965]: Your public key has been saved in /etc/ssh/ssh_host_ed25519_key.pub.
[   15.677515] cloud-init[965]: The key fingerprint is:
[   15.677615] cloud-init[965]: SHA256:QEm/HjgV0mwuqGOrfqOqnF83+Xm3hegbpgKBloWBgFo root@ubuntu-xenial
[   15.677664] cloud-init[965]: The key's randomart image is:
[   15.677709] cloud-init[965]: +--[ED25519 256]--+
[   15.677753] cloud-init[965]: |+ ..o.++.        |
[   15.677797] cloud-init[965]: |..E. o.o+.       |
[   15.678303] cloud-init[965]: |..  +..oo        |
[   15.678363] cloud-init[965]: |.  +...+..       |
[   15.678411] cloud-init[965]: |  ..  +.S        |
[   15.678457] cloud-init[965]: |  +  . o..  . .  |
[   15.678505] cloud-init[965]: | . o ..+.  + . . |
[   15.678550] cloud-init[965]: |. oo. ..o =....  |
[   15.678600] cloud-init[965]: |B*+..   .+.oo..  |
[   15.678647] cloud-init[965]: +----[SHA256]-----+
[[0;32m  OK  [0m] Started LSB: Record successful boot for GRUB.
[[0;32m  OK  [0m] Started LSB: MD monitoring daemon.
[[0;32m  OK  [0m] Started Virtualbox guest utils.
[[0;32m  OK  [0m] Started LXD - container startup/shutdown.
[[0;32m  OK  [0m] Started Authenticate and Authorize Users to Run Privileged Tasks.
[[0;32m  OK  [0m] Started Accounts Service.
[[0;32m  OK  [0m] Started Pollinate to seed the pseudo random number generator.
[[0;32m  OK  [0m] Started Login to default iSCSI targets.
[[0;32m  OK  [0m] Reached target Remote File Systems (Pre).
[[0;32m  OK  [0m] Reached target Remote File Systems.
         Starting LSB: automatic crash report generation...
         Starting LSB: Set the CPU Frequency Scaling governor to "ondemand"...
         Starting LSB: daemon to balance interrupts for SMP systems...
         Starting Permit User Sessions...
         Starting OpenBSD Secure Shell server...
[[0;32m  OK  [0m] Started Snappy daemon.
[[0;32m  OK  [0m] Started Permit User Sessions.
         Starting Hold until boot process finishes up...
         Starting Terminate Plymouth Boot Screen...
         Starting Wait until snapd is fully seeded...
[[0;32m  OK  [0m] Started LSB: automatic crash report generation.
[[0;32m  OK  [0m] Started LSB: daemon to balance interrupts for SMP systems.
[[0;32m  OK  [0m] Started Hold until boot process finishes up.
[[0;32m  OK  [0m] Started Terminate Plymouth Boot Screen.
[[0;32m  OK  [0m] Started OpenBSD Secure Shell server.
[[0;32m  OK  [0m] Started Getty on tty1.
[[0;32m  OK  [0m] Started Serial Getty on ttyS0.
[[0;32m  OK  [0m] Reached target Login Prompts.
         Starting Set console scheme...
[[0;32m  OK  [0m] Started LSB: Set the CPU Frequency Scaling governor to "ondemand".
[[0;32m  OK  [0m] Started Set console scheme.
[[0;32m  OK  [0m] Created slice User Slice of vagrant.
         Starting User Manager for UID 1000...
[[0;32m  OK  [0m] Started Session 1 of user vagrant.
[[0;32m  OK  [0m] Started User Manager for UID 1000.
[[0;32m  OK  [0m] Started Wait until snapd is fully seeded.
[[0;32m  OK  [0m] Reached target Multi-User System.
[[0;32m  OK  [0m] Reached target Graphical Interface.
         Starting Update UTMP about System Runlevel Changes...
         Starting Apply the settings specified in cloud-config...
[[0;32m  OK  [0m] Started Update UTMP about System Runlevel Changes.
[   18.376269] cloud-init[1431]: Generating locales (this might take a while)...
[   19.521624] cloud-init[1431]:   en_US.UTF-8... done
[   19.524097] cloud-init[1431]: Generation complete.
[   19.887727] cloud-init[1431]: Cloud-init v. 19.2-36-g059d049c-0ubuntu2~16.04.1 running 'modules:config' at Wed, 18 Dec 2019 16:29:33 +0000. Up 18.21 seconds.
[[0;32m  OK  [0m] Started Apply the settings specified in cloud-config.
         Starting Execute cloud user/final scripts...
ci-info: no authorized ssh keys fingerprints found for user ubuntu.
<14>Dec 18 16:29:36 ec2: 
<14>Dec 18 16:29:36 ec2: #############################################################
<14>Dec 18 16:29:36 ec2: -----BEGIN SSH HOST KEY FINGERPRINTS-----
<14>Dec 18 16:29:36 ec2: 1024 SHA256:nYg68J5xfaBMq/w0sbna5gxMYt+vXW4AFr7wGIjk8J4 root@ubuntu-xenial (DSA)
<14>Dec 18 16:29:36 ec2: 256 SHA256:9QoPDumtLDISNPYF4JYsE+Ryxb/TfQVSgUdzhqs2VlY root@ubuntu-xenial (ECDSA)
<14>Dec 18 16:29:36 ec2: 256 SHA256:QEm/HjgV0mwuqGOrfqOqnF83+Xm3hegbpgKBloWBgFo root@ubuntu-xenial (ED25519)
<14>Dec 18 16:29:36 ec2: 2048 SHA256:uAD5NbyKvbntdhqv56a2fRGYUCEFuiWQ6rjHubHOBd0 root@ubuntu-xenial (RSA)
<14>Dec 18 16:29:36 ec2: -----END SSH HOST KEY FINGERPRINTS-----
<14>Dec 18 16:29:36 ec2: #############################################################
-----BEGIN SSH HOST KEY KEYS-----
ecdsa-sha2-nistp256 AAAAE2VjZHNhLXNoYTItbmlzdHAyNTYAAAAIbmlzdHAyNTYAAABBBN/hpX1fitN7Sp8x7kR9/tQ7fVbFfkw8RU8QoasELNPc2L9lsEEFY/hK3KULk6hKPqF7GXO9KeYGYBcx0W55nRU= root@ubuntu-xenial
ssh-ed25519 AAAAC3NzaC1lZDI1NTE5AAAAINTuJgN+z0apCVpVtXFnCfxCP/+56EoVAD8ARlbRc5DX root@ubuntu-xenial
ssh-rsa AAAAB3NzaC1yc2EAAAADAQABAAABAQC8zBfEZ+uIYXquwrREBKWJWnCOTUbnzpjoOnJm9VXNz3ez1VEA3lrgvIvHRs2l2rLZUpI/GaleYgVKx9YGxCeFnUH7sXoAxpLcmUi88XiQyDLzKiOZXKo6LyyLyWHXJvxXyqbdw1240Mpigetvfo7QIES6jgsF9kDFME8tIKt95cLUgOKy3wiCSayGsr+/IQ1+l9L4n3k8gHGyltvK+KZUih03EcWIxpmKAaWyXBxgPXkvwr6nOcMH+5PRDStJ0AZKCZNpaI3SVKgGuLP+Oo7bHZHHXTUB31SvfJ3h9nWqbM7W++NdNmpKfRFV5PuFDrjIDMTBOlnECsi9hO49lDTx root@ubuntu-xenial
-----END SSH HOST KEY KEYS-----
         Stopping User Manager for UID 1000...
[[0;32m  OK  [0m] Stopped User Manager for UID 1000.
[[0;32m  OK  [0m] Removed slice User Slice of vagrant.
[   20.912855] cloud-init[1560]: Cloud-init v. 19.2-36-g059d049c-0ubuntu2~16.04.1 running 'modules:final' at Wed, 18 Dec 2019 16:29:35 +0000. Up 20.38 seconds.
[   20.943386] cloud-init[1560]: ci-info: no authorized ssh keys fingerprints found for user ubuntu.
[   20.986384] cloud-init[1560]: Cloud-init v. 19.2-36-g059d049c-0ubuntu2~16.04.1 finished at Wed, 18 Dec 2019 16:29:36 +0000. Datasource DataSourceNoCloud [seed=/dev/sdb][dsmode=net].  Up 20.86 seconds
[[0;32m  OK  [0m] Started Execute cloud user/final scripts.
[[0;32m  OK  [0m] Reached target Cloud-init target.

Ubuntu 16.04.6 LTS ubuntu-xenial ttyS0

ubuntu-xenial login: 